<?xml version="1.0" encoding="UTF-8"?>
<!-- Generated by org.testng.reporters.JUnitXMLReporter -->
<testsuite ignored="0" hostname="SiddhiRao-FVFGWQ7VQ05D" failures="1" tests="1" name="BStackDemo 1-1" time="35.867" errors="0" timestamp="2024-05-23T17:01:11 IST">
  <testcase classname="com.browserstack.test.suites.e2e.OrderTest" name="placeOrder" time="10.614">
    <failure type="org.openqa.selenium.WebDriverException" message="Error executing browserstack_executor command. fileExists is supported only for desktop browsers
Build info: version: &amp;apos;4.9.1&amp;apos;, revision: &amp;apos;eb2032df7f&amp;apos;
System info: os.name: &amp;apos;Mac OS X&amp;apos;, os.arch: &amp;apos;x86_64&amp;apos;, os.version: &amp;apos;12.4&amp;apos;, java.version: &amp;apos;16.0.2&amp;apos;
Driver info: org.openqa.selenium.remote.RemoteWebDriver
Command: [fe05355f3e5c9a4b48ca1186a99903c09a7ef535, executeScript {script=browserstack_executor: {&amp;quot;action&amp;quot;: &amp;quot;fileExists&amp;quot;, &amp;quot;arguments&amp;quot;: {&amp;quot;fileName&amp;quot;: &amp;quot;confirmation.pdf&amp;quot;}}, args=[]}]
Capabilities {automationName: XCUITest, bootstrapPath: /usr/local/.browserstack/co..., browserName: , browserVersion: null, browserstack.isTargetBased: true, bundleId: browserstack.chromium.p.71...., databaseEnabled: false, deviceName: iPhone 13, deviceOrientation: PORTRAIT, javascriptEnabled: true, keychainPassword: [REDACTED VALUE], keychainPath: [REDACTED VALUE], locationContextEnabled: false, networkConnectionEnabled: false, newCommandTimeout: 0, noReset: true, optimalHubUrl: hub-aps.browserstack.com, orientation: PORTRAIT, platform: MAC, platformName: IOS, realMobile: true, takesScreenshot: true, udid: 00008110-000221620EDA401E, useXctestrunFile: true, webStorageEnabled: false}
Session ID: fe05355f3e5c9a4b48ca1186a99903c09a7ef535">
      <![CDATA[org.openqa.selenium.WebDriverException: Error executing browserstack_executor command. fileExists is supported only for desktop browsers
Build info: version: '4.9.1', revision: 'eb2032df7f'
System info: os.name: 'Mac OS X', os.arch: 'x86_64', os.version: '12.4', java.version: '16.0.2'
Driver info: org.openqa.selenium.remote.RemoteWebDriver
Command: [fe05355f3e5c9a4b48ca1186a99903c09a7ef535, executeScript {script=browserstack_executor: {"action": "fileExists", "arguments": {"fileName": "confirmation.pdf"}}, args=[]}]
Capabilities {automationName: XCUITest, bootstrapPath: /usr/local/.browserstack/co..., browserName: , browserVersion: null, browserstack.isTargetBased: true, bundleId: browserstack.chromium.p.71...., databaseEnabled: false, deviceName: iPhone 13, deviceOrientation: PORTRAIT, javascriptEnabled: true, keychainPassword: [REDACTED VALUE], keychainPath: [REDACTED VALUE], locationContextEnabled: false, networkConnectionEnabled: false, newCommandTimeout: 0, noReset: true, optimalHubUrl: hub-aps.browserstack.com, orientation: PORTRAIT, platform: MAC, platformName: IOS, realMobile: true, takesScreenshot: true, udid: 00008110-000221620EDA401E, useXctestrunFile: true, webStorageEnabled: false}
Session ID: fe05355f3e5c9a4b48ca1186a99903c09a7ef535
at org.openqa.selenium.remote.codec.w3c.W3CHttpResponseCodec.createException(W3CHttpResponseCodec.java:200)
at org.openqa.selenium.remote.codec.w3c.W3CHttpResponseCodec.decode(W3CHttpResponseCodec.java:133)
at org.openqa.selenium.remote.codec.w3c.W3CHttpResponseCodec.decode(W3CHttpResponseCodec.java:53)
at org.openqa.selenium.remote.HttpCommandExecutor.execute(HttpCommandExecutor.java:193)
at org.openqa.selenium.remote.RemoteWebDriver.execute(RemoteWebDriver.java:543)
at org.openqa.selenium.remote.RemoteWebDriver.executeScript(RemoteWebDriver.java:480)
at com.browserstack.test.suites.e2e.OrderTest.downloadedFileExists(OrderTest.java:54)
at com.browserstack.test.suites.e2e.OrderTest.placeOrder(OrderTest.java:40)
at java.base/java.util.ArrayList.forEach(ArrayList.java:1511)
at java.base/java.util.concurrent.FutureTask.run(FutureTask.java:264)
at java.base/java.util.concurrent.ThreadPoolExecutor.runWorker(ThreadPoolExecutor.java:1130)
at java.base/java.util.concurrent.ThreadPoolExecutor$Worker.run(ThreadPoolExecutor.java:630)
at java.base/java.lang.Thread.run(Thread.java:831)
... Removed 23 stack frames]]>
    </failure>
  </testcase> <!-- placeOrder -->
</testsuite> <!-- BStackDemo 1-1 -->
